Detecting compiler hash for triplet x64-windows...
Compiler found: C:/Program Files/Microsoft Visual Studio/18/Community/VC/Tools/MSVC/14.50.35717/bin/Hostx64/x64/cl.exe
Detecting compiler hash for triplet x64-windows-static...
Compiler found: C:/Program Files/Microsoft Visual Studio/18/Community/VC/Tools/MSVC/14.50.35717/bin/Hostx64/x64/cl.exe
The following packages are already installed:
  * boost-assert:x64-windows-static@1.90.0#1
  * boost-cmake:x64-windows-static@1.90.0#1
  * boost-config:x64-windows-static@1.90.0#1
    boost-core:x64-windows-static@1.90.0#1
  * boost-headers:x64-windows-static@1.90.0#1
  * boost-throw-exception:x64-windows-static@1.90.0#1
  * boost-uninstall:x64-windows-static@1.90.0#1
    cppzmq:x64-windows-static@4.11.0
    gtest:x64-windows-static@1.17.0#2
    libsodium:x64-windows-static@1.0.21
  * pkgconf:x64-windows@2.5.1#4
  * vcpkg-boost:x64-windows@2025-03-29
  * vcpkg-cmake:x64-windows@2024-04-23
  * vcpkg-cmake-config:x64-windows@2024-05-23
  * vcpkg-cmake-get-vars:x64-windows@2025-05-29
  * vcpkg-msbuild:x64-windows@2023-08-08
  * vcpkg-pkgconfig-get-modules:x64-windows@2024-04-03
  * vcpkg-tool-meson:x64-windows@1.9.0#3
  * zeromq:x64-windows-static@4.3.5#3
boost-core provides CMake targets:

  # this is heuristically generated, and may not be correct
  find_package(boost_core CONFIG REQUIRED)
  target_link_libraries(main PRIVATE Boost::core)

cppzmq provides CMake targets:

  # this is heuristically generated, and may not be correct
  find_package(cppzmq CONFIG REQUIRED)
  target_link_libraries(main PRIVATE cppzmq cppzmq-static)

cppzmq provides pkg-config modules:

  # C++ binding for libzmq
  cppzmq

The package gtest is compatible with built-in CMake targets:

    enable_testing()
    
    find_package(GTest CONFIG REQUIRED)
    target_link_libraries(main PRIVATE GTest::gtest GTest::gtest_main GTest::gmock GTest::gmock_main)
    
    add_test(AllTestsInMain main)

libsodium provides CMake targets:

  # this is heuristically generated, and may not be correct
  find_package(unofficial-sodium CONFIG REQUIRED)
  target_link_libraries(main PRIVATE unofficial-sodium::sodium)

libsodium provides pkg-config modules:

  # A modern and easy-to-use crypto library
  libsodium

All requested installations completed successfully in: 2 ms
